#-----------------------------------------------------------
# Vivado v2019.2 (64-bit)
# SW Build 2708876 on Wed Nov  6 21:40:23 MST 2019
# IP Build 2700528 on Thu Nov  7 00:09:20 MST 2019
# Start of session at: Wed Jan 28 14:09:05 2026
# Process ID: 17520
# Current directory: D:/FPGA/Vivaldo Project/PUCCH-FORMAT-1/physical_control
# Command line: vivado.exe -gui_launcher_event rodinguilauncherevent13520 D:\FPGA\Vivaldo Project\PUCCH-FORMAT-1\physical_control\physical_control.xpr
# Log file: D:/FPGA/Vivaldo Project/PUCCH-FORMAT-1/physical_control/vivado.log
# Journal file: D:/FPGA/Vivaldo Project/PUCCH-FORMAT-1/physical_control\vivado.jou
#-----------------------------------------------------------
start_gui
open_project {D:/FPGA/Vivaldo Project/PUCCH-FORMAT-1/physical_control/physical_control.xpr}
INFO: [Project 1-313] Project file moved from 'D:/FPGA/Vivaldo Project/PUCCH-FORMAT-0/physical_control' since last save.
Scanning sources...
Finished scanning sources
WARNING: [filemgmt 56-2] IP Repository Path: Could not find the directory 'D:/FPGA/Vivaldo Project/PUCCH-FORMAT-1/ofdm_demodulation/fpga/vivaldo project/pucch-format-0/physical_control/physical_control', nor could it be found using path 'D:/FPGA/Vivaldo Project/PUCCH-FORMAT-0/ofdm_demodulation/fpga/vivaldo project/pucch-format-0/physical_control/physical_control'.
INFO: [IP_Flow 19-234] Refreshing IP repositories
INFO: [IP_Flow 19-1700] Loaded user IP repository 'd:/fpga/vivaldo project/pucch-format-0/physical_control'.
WARNING: [IP_Flow 19-2248] Failed to load user IP repository 'd:/FPGA/Vivaldo Project/PUCCH-FORMAT-1/ofdm_demodulation/fpga/vivaldo project/pucch-format-0/physical_control/physical_control'; Can't find the specified path.
If this directory should no longer be in your list of user repositories, go to the IP Settings dialog and remove it.
INFO: [IP_Flow 19-2313] Loaded Vivado IP repository 'D:/Xilinx/Vivado/2019.2/data/ip'.
open_project: Time (s): cpu = 00:00:17 ; elapsed = 00:00:11 . Memory (MB): peak = 886.699 ; gain = 205.559
update_compile_order -fileset sources_1
exit
INFO: [Common 17-206] Exiting Vivado at Wed Jan 28 14:13:40 2026...
