Vivado Simulator 2019.2
Copyright 1986-1999, 2001-2019 Xilinx, Inc. All Rights Reserved.
Running: D:/Xilinx/Vivado/2019.2/bin/unwrapped/win64.o/xelab.exe -wto 015dd0a8a22a41a38dcb9bfbdbe1c467 --incr --debug typical --relax --mt 2 -L xil_defaultlib -L unisims_ver -L unimacro_ver -L secureip --snapshot tb_behav xil_defaultlib.tb xil_defaultlib.glbl -log elaborate.log 
Using 2 slave threads.
Starting static elaboration
Pass Through NonSizing Optimizer
WARNING: [VRFC 10-3091] actual bit length 8 differs from formal bit length 1 for port 'out_valid' [D:/FPGA/Vivaldo Project/PUCCH FORMAT 0/PUCCH-FORMAT-0/Cyclic_Shift_Generator/scamble_sequence_8bits/scamble_sequence.srcs/sim_1/new/tb.v:32]
WARNING: [VRFC 10-3283] element index 31 into 'temp_in' is out of bounds [D:/FPGA/Vivaldo Project/PUCCH FORMAT 0/PUCCH-FORMAT-0/Cyclic_Shift_Generator/scamble_sequence_8bits/scamble_sequence.srcs/sources_1/new/scramble_sequence.v:126]
WARNING: [VRFC 10-3283] element index 31 into 'temp_in' is out of bounds [D:/FPGA/Vivaldo Project/PUCCH FORMAT 0/PUCCH-FORMAT-0/Cyclic_Shift_Generator/scamble_sequence_8bits/scamble_sequence.srcs/sources_1/new/scramble_sequence.v:127]
WARNING: [VRFC 10-3283] element index 31 into 'temp_in' is out of bounds [D:/FPGA/Vivaldo Project/PUCCH FORMAT 0/PUCCH-FORMAT-0/Cyclic_Shift_Generator/scamble_sequence_8bits/scamble_sequence.srcs/sources_1/new/scramble_sequence.v:128]
WARNING: [VRFC 10-3283] element index 31 into 'temp_in' is out of bounds [D:/FPGA/Vivaldo Project/PUCCH FORMAT 0/PUCCH-FORMAT-0/Cyclic_Shift_Generator/scamble_sequence_8bits/scamble_sequence.srcs/sources_1/new/scramble_sequence.v:129]
WARNING: [VRFC 10-3283] element index 31 into 'temp_in' is out of bounds [D:/FPGA/Vivaldo Project/PUCCH FORMAT 0/PUCCH-FORMAT-0/Cyclic_Shift_Generator/scamble_sequence_8bits/scamble_sequence.srcs/sources_1/new/scramble_sequence.v:130]
WARNING: [VRFC 10-3283] element index 31 into 'temp_in' is out of bounds [D:/FPGA/Vivaldo Project/PUCCH FORMAT 0/PUCCH-FORMAT-0/Cyclic_Shift_Generator/scamble_sequence_8bits/scamble_sequence.srcs/sources_1/new/scramble_sequence.v:131]
WARNING: [VRFC 10-3283] element index 31 into 'temp_in' is out of bounds [D:/FPGA/Vivaldo Project/PUCCH FORMAT 0/PUCCH-FORMAT-0/Cyclic_Shift_Generator/scamble_sequence_8bits/scamble_sequence.srcs/sources_1/new/scramble_sequence.v:132]
WARNING: [VRFC 10-3283] element index 31 into 'temp_in' is out of bounds [D:/FPGA/Vivaldo Project/PUCCH FORMAT 0/PUCCH-FORMAT-0/Cyclic_Shift_Generator/scamble_sequence_8bits/scamble_sequence.srcs/sources_1/new/scramble_sequence.v:133]
WARNING: [VRFC 10-3283] element index 31 into 'temp_in' is out of bounds [D:/FPGA/Vivaldo Project/PUCCH FORMAT 0/PUCCH-FORMAT-0/Cyclic_Shift_Generator/scamble_sequence_8bits/scamble_sequence.srcs/sources_1/new/scramble_sequence.v:134]
WARNING: [VRFC 10-3283] element index 31 into 'temp_in' is out of bounds [D:/FPGA/Vivaldo Project/PUCCH FORMAT 0/PUCCH-FORMAT-0/Cyclic_Shift_Generator/scamble_sequence_8bits/scamble_sequence.srcs/sources_1/new/scramble_sequence.v:135]
WARNING: [VRFC 10-3283] element index 31 into 'temp_in' is out of bounds [D:/FPGA/Vivaldo Project/PUCCH FORMAT 0/PUCCH-FORMAT-0/Cyclic_Shift_Generator/scamble_sequence_8bits/scamble_sequence.srcs/sources_1/new/scramble_sequence.v:136]
WARNING: [VRFC 10-3283] element index 31 into 'temp_in' is out of bounds [D:/FPGA/Vivaldo Project/PUCCH FORMAT 0/PUCCH-FORMAT-0/Cyclic_Shift_Generator/scamble_sequence_8bits/scamble_sequence.srcs/sources_1/new/scramble_sequence.v:137]
WARNING: [VRFC 10-3283] element index 31 into 'temp_in' is out of bounds [D:/FPGA/Vivaldo Project/PUCCH FORMAT 0/PUCCH-FORMAT-0/Cyclic_Shift_Generator/scamble_sequence_8bits/scamble_sequence.srcs/sources_1/new/scramble_sequence.v:138]
WARNING: [VRFC 10-3283] element index 31 into 'temp_in' is out of bounds [D:/FPGA/Vivaldo Project/PUCCH FORMAT 0/PUCCH-FORMAT-0/Cyclic_Shift_Generator/scamble_sequence_8bits/scamble_sequence.srcs/sources_1/new/scramble_sequence.v:139]
WARNING: [VRFC 10-3283] element index 31 into 'temp_in' is out of bounds [D:/FPGA/Vivaldo Project/PUCCH FORMAT 0/PUCCH-FORMAT-0/Cyclic_Shift_Generator/scamble_sequence_8bits/scamble_sequence.srcs/sources_1/new/scramble_sequence.v:140]
WARNING: [VRFC 10-3283] element index 31 into 'temp_in' is out of bounds [D:/FPGA/Vivaldo Project/PUCCH FORMAT 0/PUCCH-FORMAT-0/Cyclic_Shift_Generator/scamble_sequence_8bits/scamble_sequence.srcs/sources_1/new/scramble_sequence.v:141]
WARNING: [VRFC 10-3283] element index 31 into 'temp_in' is out of bounds [D:/FPGA/Vivaldo Project/PUCCH FORMAT 0/PUCCH-FORMAT-0/Cyclic_Shift_Generator/scamble_sequence_8bits/scamble_sequence.srcs/sources_1/new/scramble_sequence.v:142]
WARNING: [VRFC 10-3283] element index 31 into 'temp_in' is out of bounds [D:/FPGA/Vivaldo Project/PUCCH FORMAT 0/PUCCH-FORMAT-0/Cyclic_Shift_Generator/scamble_sequence_8bits/scamble_sequence.srcs/sources_1/new/scramble_sequence.v:143]
WARNING: [VRFC 10-3283] element index 31 into 'temp_in' is out of bounds [D:/FPGA/Vivaldo Project/PUCCH FORMAT 0/PUCCH-FORMAT-0/Cyclic_Shift_Generator/scamble_sequence_8bits/scamble_sequence.srcs/sources_1/new/scramble_sequence.v:144]
WARNING: [VRFC 10-3283] element index 31 into 'temp_in' is out of bounds [D:/FPGA/Vivaldo Project/PUCCH FORMAT 0/PUCCH-FORMAT-0/Cyclic_Shift_Generator/scamble_sequence_8bits/scamble_sequence.srcs/sources_1/new/scramble_sequence.v:145]
WARNING: [VRFC 10-3283] element index 31 into 'temp_in' is out of bounds [D:/FPGA/Vivaldo Project/PUCCH FORMAT 0/PUCCH-FORMAT-0/Cyclic_Shift_Generator/scamble_sequence_8bits/scamble_sequence.srcs/sources_1/new/scramble_sequence.v:146]
WARNING: [VRFC 10-3283] element index 31 into 'temp_in' is out of bounds [D:/FPGA/Vivaldo Project/PUCCH FORMAT 0/PUCCH-FORMAT-0/Cyclic_Shift_Generator/scamble_sequence_8bits/scamble_sequence.srcs/sources_1/new/scramble_sequence.v:147]
WARNING: [VRFC 10-3283] element index 31 into 'temp_in' is out of bounds [D:/FPGA/Vivaldo Project/PUCCH FORMAT 0/PUCCH-FORMAT-0/Cyclic_Shift_Generator/scamble_sequence_8bits/scamble_sequence.srcs/sources_1/new/scramble_sequence.v:148]
WARNING: [VRFC 10-3283] element index 31 into 'temp_in' is out of bounds [D:/FPGA/Vivaldo Project/PUCCH FORMAT 0/PUCCH-FORMAT-0/Cyclic_Shift_Generator/scamble_sequence_8bits/scamble_sequence.srcs/sources_1/new/scramble_sequence.v:149]
WARNING: [VRFC 10-3283] element index 31 into 'temp_in' is out of bounds [D:/FPGA/Vivaldo Project/PUCCH FORMAT 0/PUCCH-FORMAT-0/Cyclic_Shift_Generator/scamble_sequence_8bits/scamble_sequence.srcs/sources_1/new/scramble_sequence.v:150]
WARNING: [VRFC 10-3283] element index 31 into 'temp_in' is out of bounds [D:/FPGA/Vivaldo Project/PUCCH FORMAT 0/PUCCH-FORMAT-0/Cyclic_Shift_Generator/scamble_sequence_8bits/scamble_sequence.srcs/sources_1/new/scramble_sequence.v:151]
WARNING: [VRFC 10-3283] element index 31 into 'temp_in' is out of bounds [D:/FPGA/Vivaldo Project/PUCCH FORMAT 0/PUCCH-FORMAT-0/Cyclic_Shift_Generator/scamble_sequence_8bits/scamble_sequence.srcs/sources_1/new/scramble_sequence.v:152]
WARNING: [VRFC 10-3283] element index 31 into 'temp_in' is out of bounds [D:/FPGA/Vivaldo Project/PUCCH FORMAT 0/PUCCH-FORMAT-0/Cyclic_Shift_Generator/scamble_sequence_8bits/scamble_sequence.srcs/sources_1/new/scramble_sequence.v:153]
WARNING: [VRFC 10-3283] element index 31 into 'temp_in' is out of bounds [D:/FPGA/Vivaldo Project/PUCCH FORMAT 0/PUCCH-FORMAT-0/Cyclic_Shift_Generator/scamble_sequence_8bits/scamble_sequence.srcs/sources_1/new/scramble_sequence.v:154]
WARNING: [VRFC 10-3283] element index 31 into 'temp_in' is out of bounds [D:/FPGA/Vivaldo Project/PUCCH FORMAT 0/PUCCH-FORMAT-0/Cyclic_Shift_Generator/scamble_sequence_8bits/scamble_sequence.srcs/sources_1/new/scramble_sequence.v:155]
WARNING: [VRFC 10-3283] element index 31 into 'temp_in' is out of bounds [D:/FPGA/Vivaldo Project/PUCCH FORMAT 0/PUCCH-FORMAT-0/Cyclic_Shift_Generator/scamble_sequence_8bits/scamble_sequence.srcs/sources_1/new/scramble_sequence.v:156]
Completed static elaboration
INFO: [XSIM 43-4323] No Change in HDL. Linking previously generated obj files to create kernel
