Copyright 1986-2019 Xilinx, Inc. All Rights Reserved.
------------------------------------------------------------------------------------
| Tool Version : Vivado v.2019.2 (win64) Build 2708876 Wed Nov  6 21:40:23 MST 2019
| Date         : Sun Dec 14 20:37:36 2025
| Host         : LAPTOP-CHCSI1R5 running 64-bit major release  (build 9200)
| Command      : upgrade_ip
| Device       : xcvu095-ffva2104-2-e
------------------------------------------------------------------------------------

Upgrade Log for IP 'frame_sync_0'

1. Summary
----------

SUCCESS in the upgrade of frame_sync_0 (xilinx.com:user:frame_sync:1.0) from (Rev. 5) to (Rev. 6)






Copyright 1986-2019 Xilinx, Inc. All Rights Reserved.
------------------------------------------------------------------------------------
| Tool Version : Vivado v.2019.2 (win64) Build 2708876 Wed Nov  6 21:40:23 MST 2019
| Date         : Sun Dec 14 20:24:40 2025
| Host         : LAPTOP-CHCSI1R5 running 64-bit major release  (build 9200)
| Command      : upgrade_ip
| Device       : xcvu095-ffva2104-2-e
------------------------------------------------------------------------------------

Upgrade Log for IP 'frame_sync_0'

1. Summary
----------

SUCCESS in the upgrade of frame_sync_0 (xilinx.com:user:frame_sync:1.0) from (Rev. 4) to (Rev. 5)






Copyright 1986-2019 Xilinx, Inc. All Rights Reserved.
------------------------------------------------------------------------------------
| Tool Version : Vivado v.2019.2 (win64) Build 2708876 Wed Nov  6 21:40:23 MST 2019
| Date         : Sun Dec 14 20:22:36 2025
| Host         : LAPTOP-CHCSI1R5 running 64-bit major release  (build 9200)
| Command      : upgrade_ip
| Device       : xcvu095-ffva2104-2-e
------------------------------------------------------------------------------------

Upgrade Log for IP 'frame_sync_0'

1. Summary
----------

SUCCESS in the conversion of frame_sync_0 (xilinx.com:user:frame_sync:1.0 (Rev. 4)) to Vivado generation flows.






Copyright 1986-2019 Xilinx, Inc. All Rights Reserved.
------------------------------------------------------------------------------------
| Tool Version : Vivado v.2019.2 (win64) Build 2708876 Wed Nov  6 21:40:23 MST 2019
| Date         : Sun Dec 14 20:20:40 2025
| Host         : LAPTOP-CHCSI1R5 running 64-bit major release  (build 9200)
| Command      : upgrade_ip
| Device       : xcvu095-ffva2104-2-e
------------------------------------------------------------------------------------

Upgrade Log for IP 'frame_sync_0'

1. Summary
----------

SUCCESS in the upgrade of frame_sync_0 (xilinx.com:user:frame_sync:1.0) from (Rev. 3) to (Rev. 4)






Copyright 1986-2019 Xilinx, Inc. All Rights Reserved.
------------------------------------------------------------------------------------
| Tool Version : Vivado v.2019.2 (win64) Build 2708876 Wed Nov  6 21:40:23 MST 2019
| Date         : Sun Dec 14 20:16:23 2025
| Host         : LAPTOP-CHCSI1R5 running 64-bit major release  (build 9200)
| Command      : upgrade_ip
| Device       : xcvu095-ffva2104-2-e
------------------------------------------------------------------------------------

Upgrade Log for IP 'frame_sync_0'

1. Summary
----------

SUCCESS in the upgrade of frame_sync_0 (xilinx.com:user:frame_sync:1.0) from (Rev. 2) to (Rev. 3)

