INFO: [VRFC 10-2263] Analyzing Verilog file "D:/FPGA/Vivaldo Project/PUCCH-FORMAT-0/all_sub_ips/phase_gen/phase_gen.srcs/sources_1/ip/modulo_12_1_nomalize/new/modulo_12.v" into library xil_defaultlib
INFO: [VRFC 10-311] analyzing module modulo_12
INFO: [VRFC 10-2263] Analyzing Verilog file "D:/FPGA/Vivaldo Project/PUCCH-FORMAT-0/all_sub_ips/phase_gen/phase_gen.srcs/sources_1/ip/modulo_12_1_nomalize/sim/modulo_12_1_nomalize.v" into library xil_defaultlib
INFO: [VRFC 10-311] analyzing module modulo_12_1_nomalize
INFO: [VRFC 10-2263] Analyzing Verilog file "D:/FPGA/Vivaldo Project/PUCCH-FORMAT-0/all_sub_ips/phase_gen/phase_gen.srcs/sources_1/ip/dis_alpha_gen_0/new/dis_alpha_gen.v" into library xil_defaultlib
INFO: [VRFC 10-311] analyzing module dis_alpha_gen
INFO: [VRFC 10-2263] Analyzing Verilog file "D:/FPGA/Vivaldo Project/PUCCH-FORMAT-0/all_sub_ips/phase_gen/phase_gen.srcs/sources_1/ip/dis_alpha_gen_0/sim/dis_alpha_gen_0.v" into library xil_defaultlib
INFO: [VRFC 10-311] analyzing module dis_alpha_gen_0
INFO: [VRFC 10-2263] Analyzing Verilog file "D:/FPGA/Vivaldo Project/PUCCH-FORMAT-0/all_sub_ips/phase_gen/phase_gen.srcs/sources_1/ip/alpha_modulo_12_0/sim/alpha_modulo_12_0.v" into library xil_defaultlib
INFO: [VRFC 10-311] analyzing module alpha_modulo_12_0
INFO: [VRFC 10-2263] Analyzing Verilog file "D:/FPGA/Vivaldo Project/PUCCH-FORMAT-0/all_sub_ips/phase_gen/phase_gen.srcs/sources_1/ip/scramble_sequence_8bits_0/scamble_sequence.srcs/sources_1/new/scramble_sequence.v" into library xil_defaultlib
INFO: [VRFC 10-311] analyzing module scramble_sequence_8bits
INFO: [VRFC 10-311] analyzing module x1_x2_init
INFO: [VRFC 10-2263] Analyzing Verilog file "D:/FPGA/Vivaldo Project/PUCCH-FORMAT-0/all_sub_ips/phase_gen/phase_gen.srcs/sources_1/ip/scramble_sequence_8bits_0/sim/scramble_sequence_8bits_0.v" into library xil_defaultlib
INFO: [VRFC 10-311] analyzing module scramble_sequence_8bits_0
INFO: [VRFC 10-2263] Analyzing Verilog file "D:/FPGA/Vivaldo Project/PUCCH-FORMAT-0/all_sub_ips/phase_gen/phase_gen.srcs/sources_1/new/phase_gen.v" into library xil_defaultlib
INFO: [VRFC 10-311] analyzing module phase_gen
INFO: [VRFC 10-311] analyzing module ack_selection
INFO: [VRFC 10-2263] Analyzing Verilog file "D:/FPGA/Vivaldo Project/PUCCH-FORMAT-0/all_sub_ips/phase_gen/phase_gen.srcs/sim_1/new/tb.v" into library xil_defaultlib
INFO: [VRFC 10-311] analyzing module tb
INFO: [VRFC 10-2263] Analyzing Verilog file "D:/FPGA/Vivaldo Project/PUCCH-FORMAT-0/all_sub_ips/phase_gen/phase_gen.sim/sim_1/behav/xsim/glbl.v" into library xil_defaultlib
INFO: [VRFC 10-311] analyzing module glbl
INFO: [VRFC 10-163] Analyzing VHDL file "D:/FPGA/Vivaldo Project/PUCCH-FORMAT-0/all_sub_ips/phase_gen/phase_gen.srcs/sources_1/ip/modulo_12_1_nomalize/ip/modulo12_mult_gen_1/sim/modulo12_mult_gen_1.vhd" into library xil_defaultlib
INFO: [VRFC 10-3107] analyzing entity 'modulo12_mult_gen_1'
INFO: [VRFC 10-163] Analyzing VHDL file "D:/FPGA/Vivaldo Project/PUCCH-FORMAT-0/all_sub_ips/phase_gen/phase_gen.srcs/sources_1/ip/modulo_12_1_nomalize/ip/modulo12_mult_gen_2/sim/modulo12_mult_gen_2.vhd" into library xil_defaultlib
INFO: [VRFC 10-3107] analyzing entity 'modulo12_mult_gen_2'
INFO: [VRFC 10-163] Analyzing VHDL file "D:/FPGA/Vivaldo Project/PUCCH-FORMAT-0/all_sub_ips/phase_gen/phase_gen.srcs/sources_1/ip/dis_alpha_gen_0/ip/mult_gen_dis_alpha/sim/mult_gen_dis_alpha.vhd" into library xil_defaultlib
INFO: [VRFC 10-3107] analyzing entity 'mult_gen_dis_alpha'
